Parsing script...
Parsing statement...
Parsing block...
Parsing statement...
Parsing expression...
Parsing term...
Parsing factor...
Parsing function call...
Parsing expression...
Parsing term...
Parsing factor...
Parsing expression...
Parsing term...
Parsing factor...
Parsing function call...
Parsing expression...
Parsing term...
Parsing factor...
Parsing expression...
Parsing term...
Parsing factor...
Parsing statement...
Parsing expression...
Parsing term...
Parsing factor...
Parsing expression...
Parsing term...
Parsing factor...
Parsing statement...
Parsing expression...
Parsing term...
Parsing factor...
Parsing statement...
Parsing expression...
Parsing term...
Parsing factor...
